<?xml version="1.0" encoding="UTF-8"?>
<!-- Generated by org.testng.reporters.JUnitReportReporter -->
<testsuite hostname="DESKTOP-K7BT9HU" failures="0" tests="6" name="testCase.TC01" time="67.047" errors="0" timestamp="2023-09-06T11:33:26 IST" skipped="0">
  <testcase classname="testCase.TC01" name="MouseHover" time="16.054"/>
  <testcase classname="testCase.TC01" name="verifyCookieHandle" time="6.642"/>
  <testcase classname="testCase.TC01" name="VerifyLogin" time="17.630"/>
  <testcase classname="testCase.TC01" name="verifyScrollDown" time="7.416"/>
  <testcase classname="testCase.TC01" name="verifyScrollUp" time="8.299"/>
  <testcase classname="testCase.TC01" name="verifyScreenshot" time="11.006"/>
</testsuite> <!-- testCase.TC01 -->
